<?xml version="1.0" encoding="UTF-8"?>
<!-- Generated by org.testng.reporters.JUnitReportReporter -->
<testsuite hostname="Dell" name="test.guns.TestLogin" tests="1" failures="0" timestamp="31 May 2018 03:23:38 GMT" time="0.016" errors="0">
  <testcase name="test01" time="0.016" classname="test.guns.TestLogin"/>
</testsuite> <!-- test.guns.TestLogin -->
